<?xml version="1.0" encoding="UTF-8"?>
<testsuite name="lv.javaguru.travel.insurance.rest.TravelCalculatePremiumControllerTestCases.NullFirstName" tests="1" skipped="0" failures="0" errors="0" timestamp="2024-04-04T19:32:47" hostname="WIN-6V3MTR2VJA7" time="0.036">
  <properties/>
  <testcase name="doTest()" classname="lv.javaguru.travel.insurance.rest.TravelCalculatePremiumControllerTestCases.NullFirstName" time="0.036"/>
  <system-out><![CDATA[2024-04-04 22:32:47,045 [Test worker] INFO  o.s.b.t.c.SpringBootTestContextBootstrapper - Neither @ContextConfiguration nor @ContextHierarchy found for test class [lv.javaguru.travel.insurance.rest.TravelCalculatePremiumControllerTestCases.NullFirstName], using SpringBootContextLoader
2024-04-04 22:32:47,045 [Test worker] INFO  o.s.t.c.s.AbstractContextLoader - Could not detect default resource locations for test class [lv.javaguru.travel.insurance.rest.TravelCalculatePremiumControllerTestCases.NullFirstName]: no resource found for suffixes {-context.xml, Context.groovy}.
2024-04-04 22:32:47,045 [Test worker] INFO  o.s.t.c.s.AnnotationConfigContextLoaderUtils - Could not detect default configuration classes for test class [lv.javaguru.travel.insurance.rest.TravelCalculatePremiumControllerTestCases.NullFirstName]: NullFirstName does not declare any static, non-private, non-final, nested classes annotated with @Configuration.
2024-04-04 22:32:47,053 [Test worker] INFO  o.s.b.t.c.SpringBootTestContextBootstrapper - Found @SpringBootConfiguration lv.javaguru.travel.insurance.InsuranceApplication for test class lv.javaguru.travel.insurance.rest.TravelCalculatePremiumControllerTestCases.NullFirstName
2024-04-04 22:32:47,053 [Test worker] INFO  o.s.b.t.c.SpringBootTestContextBootstrapper - Loaded default TestExecutionListener class names from location [META-INF/spring.factories]: [org.springframework.boot.test.autoconfigure.restdocs.RestDocsTestExecutionListener, org.springframework.boot.test.autoconfigure.web.client.MockRestServiceServerResetTestExecutionListener, org.springframework.boot.test.autoconfigure.web.servlet.MockMvcPrintOnlyOnFailureTestExecutionListener, org.springframework.boot.test.autoconfigure.web.servlet.WebDriverTestExecutionListener, org.springframework.boot.test.autoconfigure.webservices.client.MockWebServiceServerTestExecutionListener, org.springframework.boot.test.mock.mockito.MockitoTestExecutionListener, org.springframework.boot.test.mock.mockito.ResetMocksTestExecutionListener, org.springframework.test.context.web.ServletTestExecutionListener, org.springframework.test.context.support.DirtiesContextBeforeModesTestExecutionListener, org.springframework.test.context.event.ApplicationEventsTestExecutionListener, org.springframework.test.context.support.DependencyInjectionTestExecutionListener, org.springframework.test.context.support.DirtiesContextTestExecutionListener, org.springframework.test.context.transaction.TransactionalTestExecutionListener, org.springframework.test.context.jdbc.SqlScriptsTestExecutionListener, org.springframework.test.context.event.EventPublishingTestExecutionListener]
2024-04-04 22:32:47,053 [Test worker] INFO  o.s.b.t.c.SpringBootTestContextBootstrapper - Using TestExecutionListeners: [org.springframework.test.context.web.ServletTestExecutionListener@7bd76b79, org.springframework.test.context.support.DirtiesContextBeforeModesTestExecutionListener@5fdfa35d, org.springframework.test.context.event.ApplicationEventsTestExecutionListener@43165282, org.springframework.boot.test.mock.mockito.MockitoTestExecutionListener@2976d625, org.springframework.boot.test.autoconfigure.SpringBootDependencyInjectionTestExecutionListener@693afcd1, org.springframework.test.context.support.DirtiesContextTestExecutionListener@4bdd6fe0, org.springframework.test.context.transaction.TransactionalTestExecutionListener@3aaeb65b, org.springframework.test.context.jdbc.SqlScriptsTestExecutionListener@25f688d5, org.springframework.test.context.event.EventPublishingTestExecutionListener@1b1434ce, org.springframework.boot.test.autoconfigure.restdocs.RestDocsTestExecutionListener@3b96ea23, org.springframework.boot.test.autoconfigure.web.client.MockRestServiceServerResetTestExecutionListener@74c58f64, org.springframework.boot.test.autoconfigure.web.servlet.MockMvcPrintOnlyOnFailureTestExecutionListener@65640109, org.springframework.boot.test.autoconfigure.web.servlet.WebDriverTestExecutionListener@5feceb2f, org.springframework.boot.test.autoconfigure.webservices.client.MockWebServiceServerTestExecutionListener@5327c503, org.springframework.boot.test.mock.mockito.ResetMocksTestExecutionListener@b41ceac]
2024-04-04 22:32:47,061 [Test worker] INFO  l.j.t.i.r.l.TravelCalculatePremiumRequestLogger - REQUEST: {"agreementDateFrom":"2024-05-25","agreementDateTo":"2024-05-29","country":"SPAIN","personFirstName":null,"personLastName":"Pupkin","personBirthDate":"1999-05-29","medicalRiskLimitLevel":"LEVEL_10000","selected_risks":["TRAVEL_MEDICAL","TRAVEL_CANCELLATION","TRAVEL_LOSS_BAGGAGE"]}
Hibernate: select classifier0_.id as id1_1_, classifier0_.classifier_id as classifi4_1_, classifier0_.description as descript2_1_, classifier0_.ic as ic3_1_ from classifier_values classifier0_ left outer join classifiers classifier1_ on classifier0_.classifier_id=classifier1_.id where classifier1_.title=? and classifier0_.ic=?
Hibernate: select classifier0_.id as id1_2_0_, classifier0_.description as descript2_2_0_, classifier0_.title as title3_2_0_ from classifiers classifier0_ where classifier0_.id=?
Hibernate: select classifier0_.id as id1_1_, classifier0_.classifier_id as classifi4_1_, classifier0_.description as descript2_1_, classifier0_.ic as ic3_1_ from classifier_values classifier0_ left outer join classifiers classifier1_ on classifier0_.classifier_id=classifier1_.id where classifier1_.title=? and classifier0_.ic=?
Hibernate: select classifier0_.id as id1_1_, classifier0_.classifier_id as classifi4_1_, classifier0_.description as descript2_1_, classifier0_.ic as ic3_1_ from classifier_values classifier0_ left outer join classifiers classifier1_ on classifier0_.classifier_id=classifier1_.id where classifier1_.title=? and classifier0_.ic=?
Hibernate: select classifier0_.id as id1_1_, classifier0_.classifier_id as classifi4_1_, classifier0_.description as descript2_1_, classifier0_.ic as ic3_1_ from classifier_values classifier0_ left outer join classifiers classifier1_ on classifier0_.classifier_id=classifier1_.id where classifier1_.title=? and classifier0_.ic=?
Hibernate: select classifier0_.id as id1_2_0_, classifier0_.description as descript2_2_0_, classifier0_.title as title3_2_0_ from classifiers classifier0_ where classifier0_.id=?
Hibernate: select classifier0_.id as id1_1_, classifier0_.classifier_id as classifi4_1_, classifier0_.description as descript2_1_, classifier0_.ic as ic3_1_ from classifier_values classifier0_ left outer join classifiers classifier1_ on classifier0_.classifier_id=classifier1_.id where classifier1_.title=? and classifier0_.ic=?
Hibernate: select classifier0_.id as id1_2_0_, classifier0_.description as descript2_2_0_, classifier0_.title as title3_2_0_ from classifiers classifier0_ where classifier0_.id=?
2024-04-04 22:32:47,079 [Test worker] INFO  l.j.t.i.r.l.TravelCalculatePremiumResponseLogger - RESPONSE: {"errors":[{"errorCode":"ERROR_CODE_5","description":"Field personFirstName is empty!"}],"personFirstName":null,"personLastName":null,"agreementDateFrom":null,"agreementDateTo":null,"agreementPremium":null,"country":null,"risks":null,"personBirthDate":null,"medicalRiskLimitLevel":null}
2024-04-04 22:32:47,079 [Test worker] INFO  l.j.t.i.r.l.TravelCalculatePremiumRequestExecutionTimeLogger - Request processing time (ms): 21
]]></system-out>
  <system-err><![CDATA[]]></system-err>
</testsuite>
