<?xml version="1.0" encoding="UTF-8"?>
<testsuite name="lv.javaguru.travel.insurance.core.utils.DateTimeUtilTest" tests="4" skipped="0" failures="0" errors="0" timestamp="2024-04-04T19:32:40" hostname="WIN-6V3MTR2VJA7" time="0.002">
  <properties/>
  <testcase name="calculateDateDifferenceTestEqual()" classname="lv.javaguru.travel.insurance.core.utils.DateTimeUtilTest" time="0.001"/>
  <testcase name="calculateDateDifferenceTestPositive()" classname="lv.javaguru.travel.insurance.core.utils.DateTimeUtilTest" time="0.0"/>
  <testcase name="calculateDateDifferenceTestNegative()" classname="lv.javaguru.travel.insurance.core.utils.DateTimeUtilTest" time="0.001"/>
  <testcase name="injectedRepositoryAreNotNull()" classname="lv.javaguru.travel.insurance.core.utils.DateTimeUtilTest" time="0.0"/>
  <system-out><![CDATA[]]></system-out>
  <system-err><![CDATA[]]></system-err>
</testsuite>
