<?xml version="1.0" encoding="UTF-8"?>
<testsuite name="lv.javaguru.travel.insurance.core.validations.EmptyDateOfBirthValidatorTest" tests="3" skipped="0" failures="0" errors="0" timestamp="2024-04-04T19:32:40" hostname="WIN-6V3MTR2VJA7" time="0.006">
  <properties/>
  <testcase name="validateNullDateOfBirthTest()" classname="lv.javaguru.travel.insurance.core.validations.EmptyDateOfBirthValidatorTest" time="0.002"/>
  <testcase name="validateNoErrorsDateOfBirthTest()" classname="lv.javaguru.travel.insurance.core.validations.EmptyDateOfBirthValidatorTest" time="0.002"/>
  <testcase name="injectedRepositoryAreNotNull()" classname="lv.javaguru.travel.insurance.core.validations.EmptyDateOfBirthValidatorTest" time="0.001"/>
  <system-out><![CDATA[]]></system-out>
  <system-err><![CDATA[]]></system-err>
</testsuite>
