<?xml version="1.0" encoding="UTF-8"?>
<testsuite name="lv.javaguru.travel.insurance.rest.TravelCalculatePremiumControllerTestCases.EmptyDateTo" tests="1" skipped="0" failures="0" errors="0" timestamp="2024-04-04T19:32:46" hostname="WIN-6V3MTR2VJA7" time="0.054">
  <properties/>
  <testcase name="doTest()" classname="lv.javaguru.travel.insurance.rest.TravelCalculatePremiumControllerTestCases.EmptyDateTo" time="0.054"/>
  <system-out><![CDATA[2024-04-04 22:32:46,638 [Test worker] INFO  o.s.b.t.c.SpringBootTestContextBootstrapper - Neither @ContextConfiguration nor @ContextHierarchy found for test class [lv.javaguru.travel.insurance.rest.TravelCalculatePremiumControllerTestCases.EmptyDateTo], using SpringBootContextLoader
2024-04-04 22:32:46,647 [Test worker] INFO  o.s.t.c.s.AbstractContextLoader - Could not detect default resource locations for test class [lv.javaguru.travel.insurance.rest.TravelCalculatePremiumControllerTestCases.EmptyDateTo]: no resource found for suffixes {-context.xml, Context.groovy}.
2024-04-04 22:32:46,647 [Test worker] INFO  o.s.t.c.s.AnnotationConfigContextLoaderUtils - Could not detect default configuration classes for test class [lv.javaguru.travel.insurance.rest.TravelCalculatePremiumControllerTestCases.EmptyDateTo]: EmptyDateTo does not declare any static, non-private, non-final, nested classes annotated with @Configuration.
2024-04-04 22:32:46,661 [Test worker] INFO  o.s.b.t.c.SpringBootTestContextBootstrapper - Found @SpringBootConfiguration lv.javaguru.travel.insurance.InsuranceApplication for test class lv.javaguru.travel.insurance.rest.TravelCalculatePremiumControllerTestCases.EmptyDateTo
2024-04-04 22:32:46,661 [Test worker] INFO  o.s.b.t.c.SpringBootTestContextBootstrapper - Loaded default TestExecutionListener class names from location [META-INF/spring.factories]: [org.springframework.boot.test.autoconfigure.restdocs.RestDocsTestExecutionListener, org.springframework.boot.test.autoconfigure.web.client.MockRestServiceServerResetTestExecutionListener, org.springframework.boot.test.autoconfigure.web.servlet.MockMvcPrintOnlyOnFailureTestExecutionListener, org.springframework.boot.test.autoconfigure.web.servlet.WebDriverTestExecutionListener, org.springframework.boot.test.autoconfigure.webservices.client.MockWebServiceServerTestExecutionListener, org.springframework.boot.test.mock.mockito.MockitoTestExecutionListener, org.springframework.boot.test.mock.mockito.ResetMocksTestExecutionListener, org.springframework.test.context.web.ServletTestExecutionListener, org.springframework.test.context.support.DirtiesContextBeforeModesTestExecutionListener, org.springframework.test.context.event.ApplicationEventsTestExecutionListener, org.springframework.test.context.support.DependencyInjectionTestExecutionListener, org.springframework.test.context.support.DirtiesContextTestExecutionListener, org.springframework.test.context.transaction.TransactionalTestExecutionListener, org.springframework.test.context.jdbc.SqlScriptsTestExecutionListener, org.springframework.test.context.event.EventPublishingTestExecutionListener]
2024-04-04 22:32:46,661 [Test worker] INFO  o.s.b.t.c.SpringBootTestContextBootstrapper - Using TestExecutionListeners: [org.springframework.test.context.web.ServletTestExecutionListener@363bf9d, org.springframework.test.context.support.DirtiesContextBeforeModesTestExecutionListener@184218af, org.springframework.test.context.event.ApplicationEventsTestExecutionListener@e7423bb, org.springframework.boot.test.mock.mockito.MockitoTestExecutionListener@270663e2, org.springframework.boot.test.autoconfigure.SpringBootDependencyInjectionTestExecutionListener@3987bfc8, org.springframework.test.context.support.DirtiesContextTestExecutionListener@31084f37, org.springframework.test.context.transaction.TransactionalTestExecutionListener@1ececb56, org.springframework.test.context.jdbc.SqlScriptsTestExecutionListener@a43a21e, org.springframework.test.context.event.EventPublishingTestExecutionListener@ebe3561, org.springframework.boot.test.autoconfigure.restdocs.RestDocsTestExecutionListener@7d3cb276, org.springframework.boot.test.autoconfigure.web.client.MockRestServiceServerResetTestExecutionListener@15c042fc, org.springframework.boot.test.autoconfigure.web.servlet.MockMvcPrintOnlyOnFailureTestExecutionListener@2045108, org.springframework.boot.test.autoconfigure.web.servlet.WebDriverTestExecutionListener@7dee7914, org.springframework.boot.test.autoconfigure.webservices.client.MockWebServiceServerTestExecutionListener@6559cbdd, org.springframework.boot.test.mock.mockito.ResetMocksTestExecutionListener@7219a228]
2024-04-04 22:32:46,680 [Test worker] INFO  l.j.t.i.r.l.TravelCalculatePremiumRequestLogger - REQUEST: {"agreementDateFrom":"2024-05-25","agreementDateTo":null,"country":"SPAIN","personFirstName":"Vasja","personLastName":"Pupkin","personBirthDate":"1999-05-29","medicalRiskLimitLevel":"LEVEL_10000","selected_risks":["TRAVEL_MEDICAL","TRAVEL_CANCELLATION","TRAVEL_LOSS_BAGGAGE"]}
Hibernate: select classifier0_.id as id1_1_, classifier0_.classifier_id as classifi4_1_, classifier0_.description as descript2_1_, classifier0_.ic as ic3_1_ from classifier_values classifier0_ left outer join classifiers classifier1_ on classifier0_.classifier_id=classifier1_.id where classifier1_.title=? and classifier0_.ic=?
Hibernate: select classifier0_.id as id1_2_0_, classifier0_.description as descript2_2_0_, classifier0_.title as title3_2_0_ from classifiers classifier0_ where classifier0_.id=?
Hibernate: select classifier0_.id as id1_1_, classifier0_.classifier_id as classifi4_1_, classifier0_.description as descript2_1_, classifier0_.ic as ic3_1_ from classifier_values classifier0_ left outer join classifiers classifier1_ on classifier0_.classifier_id=classifier1_.id where classifier1_.title=? and classifier0_.ic=?
Hibernate: select classifier0_.id as id1_1_, classifier0_.classifier_id as classifi4_1_, classifier0_.description as descript2_1_, classifier0_.ic as ic3_1_ from classifier_values classifier0_ left outer join classifiers classifier1_ on classifier0_.classifier_id=classifier1_.id where classifier1_.title=? and classifier0_.ic=?
Hibernate: select classifier0_.id as id1_1_, classifier0_.classifier_id as classifi4_1_, classifier0_.description as descript2_1_, classifier0_.ic as ic3_1_ from classifier_values classifier0_ left outer join classifiers classifier1_ on classifier0_.classifier_id=classifier1_.id where classifier1_.title=? and classifier0_.ic=?
Hibernate: select classifier0_.id as id1_2_0_, classifier0_.description as descript2_2_0_, classifier0_.title as title3_2_0_ from classifiers classifier0_ where classifier0_.id=?
Hibernate: select classifier0_.id as id1_1_, classifier0_.classifier_id as classifi4_1_, classifier0_.description as descript2_1_, classifier0_.ic as ic3_1_ from classifier_values classifier0_ left outer join classifiers classifier1_ on classifier0_.classifier_id=classifier1_.id where classifier1_.title=? and classifier0_.ic=?
Hibernate: select classifier0_.id as id1_2_0_, classifier0_.description as descript2_2_0_, classifier0_.title as title3_2_0_ from classifiers classifier0_ where classifier0_.id=?
2024-04-04 22:32:46,712 [Test worker] INFO  l.j.t.i.r.l.TravelCalculatePremiumResponseLogger - RESPONSE: {"errors":[{"errorCode":"ERROR_CODE_4","description":"Field agreementDateTo is empty!"}],"personFirstName":null,"personLastName":null,"agreementDateFrom":null,"agreementDateTo":null,"agreementPremium":null,"country":null,"risks":null,"personBirthDate":null,"medicalRiskLimitLevel":null}
2024-04-04 22:32:46,712 [Test worker] INFO  l.j.t.i.r.l.TravelCalculatePremiumRequestExecutionTimeLogger - Request processing time (ms): 38
]]></system-out>
  <system-err><![CDATA[]]></system-err>
</testsuite>
