<?xml version="1.0" encoding="UTF-8"?>
<testsuite name="lv.javaguru.travel.insurance.core.validations.AgreementDateDifferenceValidatorTest" tests="5" skipped="0" failures="0" errors="0" timestamp="2024-04-04T19:32:40" hostname="WIN-6V3MTR2VJA7" time="0.022">
  <properties/>
  <testcase name="validateRightDifference()" classname="lv.javaguru.travel.insurance.core.validations.AgreementDateDifferenceValidatorTest" time="0.015"/>
  <testcase name="validateNullDateFrom()" classname="lv.javaguru.travel.insurance.core.validations.AgreementDateDifferenceValidatorTest" time="0.001"/>
  <testcase name="validateNullDateTo()" classname="lv.javaguru.travel.insurance.core.validations.AgreementDateDifferenceValidatorTest" time="0.002"/>
  <testcase name="validateWrongDateDifference()" classname="lv.javaguru.travel.insurance.core.validations.AgreementDateDifferenceValidatorTest" time="0.002"/>
  <testcase name="injectedRepositoryAreNotNull()" classname="lv.javaguru.travel.insurance.core.validations.AgreementDateDifferenceValidatorTest" time="0.001"/>
  <system-out><![CDATA[]]></system-out>
  <system-err><![CDATA[]]></system-err>
</testsuite>
