<?xml version="1.0" encoding="UTF-8"?>
<testsuite name="lv.javaguru.travel.insurance.core.underwriting.calculators.medical.LimitLevelCalculatorTest" tests="4" skipped="0" failures="0" errors="0" timestamp="2024-04-04T19:32:40" hostname="WIN-6V3MTR2VJA7" time="0.055">
  <properties/>
  <testcase name="calculateEnableFalseTest()" classname="lv.javaguru.travel.insurance.core.underwriting.calculators.medical.LimitLevelCalculatorTest" time="0.047"/>
  <testcase name="calculateEmptyOptionalTest()" classname="lv.javaguru.travel.insurance.core.underwriting.calculators.medical.LimitLevelCalculatorTest" time="0.003"/>
  <testcase name="calculateEnableTrueTest()" classname="lv.javaguru.travel.insurance.core.underwriting.calculators.medical.LimitLevelCalculatorTest" time="0.002"/>
  <testcase name="injectedObjectsAreNotNull()" classname="lv.javaguru.travel.insurance.core.underwriting.calculators.medical.LimitLevelCalculatorTest" time="0.001"/>
  <system-out><![CDATA[]]></system-out>
  <system-err><![CDATA[]]></system-err>
</testsuite>
