<?xml version="1.0" encoding="UTF-8"?>
<testsuite name="lv.javaguru.travel.insurance.core.underwriting.calculators.medical.AgeCoefficientCalculatorTest" tests="4" skipped="0" failures="0" errors="0" timestamp="2024-04-04T19:32:40" hostname="WIN-6V3MTR2VJA7" time="0.077">
  <properties/>
  <testcase name="calculateEmptyOptionalTest()" classname="lv.javaguru.travel.insurance.core.underwriting.calculators.medical.AgeCoefficientCalculatorTest" time="0.068"/>
  <testcase name="calculateEnabledFalseTest()" classname="lv.javaguru.travel.insurance.core.underwriting.calculators.medical.AgeCoefficientCalculatorTest" time="0.002"/>
  <testcase name="calculateEnabledTrueTest()" classname="lv.javaguru.travel.insurance.core.underwriting.calculators.medical.AgeCoefficientCalculatorTest" time="0.005"/>
  <testcase name="injectedObjectsAreNotNull()" classname="lv.javaguru.travel.insurance.core.underwriting.calculators.medical.AgeCoefficientCalculatorTest" time="0.002"/>
  <system-out><![CDATA[]]></system-out>
  <system-err><![CDATA[]]></system-err>
</testsuite>
