<?xml version="1.0" encoding="UTF-8"?>
<testsuite name="lv.javaguru.travel.insurance.core.validations.ValidationErrorFactoryImplTest" tests="2" skipped="0" failures="0" errors="0" timestamp="2024-04-04T19:32:41" hostname="WIN-6V3MTR2VJA7" time="0.008">
  <properties/>
  <testcase name="createValidationError()" classname="lv.javaguru.travel.insurance.core.validations.ValidationErrorFactoryImplTest" time="0.007"/>
  <testcase name="injectedRepositoryAreNotNull()" classname="lv.javaguru.travel.insurance.core.validations.ValidationErrorFactoryImplTest" time="0.001"/>
  <system-out><![CDATA[]]></system-out>
  <system-err><![CDATA[]]></system-err>
</testsuite>
