<?xml version="1.0" encoding="UTF-8"?>
<testsuite name="lv.javaguru.travel.insurance.core.utils.ErrorCodeUtilTest" tests="8" skipped="0" failures="0" errors="0" timestamp="2024-04-04T19:32:40" hostname="WIN-6V3MTR2VJA7" time="0.008">
  <properties/>
  <testcase name="getPropertyNOT_EXISTING_RISK()" classname="lv.javaguru.travel.insurance.core.utils.ErrorCodeUtilTest" time="0.0"/>
  <testcase name="getPropertyError1()" classname="lv.javaguru.travel.insurance.core.utils.ErrorCodeUtilTest" time="0.001"/>
  <testcase name="getPropertyError2()" classname="lv.javaguru.travel.insurance.core.utils.ErrorCodeUtilTest" time="0.001"/>
  <testcase name="getPropertyError3()" classname="lv.javaguru.travel.insurance.core.utils.ErrorCodeUtilTest" time="0.001"/>
  <testcase name="getPropertyError4()" classname="lv.javaguru.travel.insurance.core.utils.ErrorCodeUtilTest" time="0.001"/>
  <testcase name="getPropertyError5()" classname="lv.javaguru.travel.insurance.core.utils.ErrorCodeUtilTest" time="0.0"/>
  <testcase name="getPropertyError6()" classname="lv.javaguru.travel.insurance.core.utils.ErrorCodeUtilTest" time="0.001"/>
  <testcase name="getPropertyError7()" classname="lv.javaguru.travel.insurance.core.utils.ErrorCodeUtilTest" time="0.001"/>
  <system-out><![CDATA[]]></system-out>
  <system-err><![CDATA[]]></system-err>
</testsuite>
