<?xml version="1.0" encoding="UTF-8"?>
<testsuite name="lv.javaguru.travel.insurance.core.validations.EmptyLastNameValidatorTest" tests="4" skipped="0" failures="0" errors="0" timestamp="2024-04-04T19:32:40" hostname="WIN-6V3MTR2VJA7" time="0.008">
  <properties/>
  <testcase name="validateEmptyLastNameTest()" classname="lv.javaguru.travel.insurance.core.validations.EmptyLastNameValidatorTest" time="0.003"/>
  <testcase name="validateNoErrorsLastNameTest()" classname="lv.javaguru.travel.insurance.core.validations.EmptyLastNameValidatorTest" time="0.001"/>
  <testcase name="validateNullLastNameTest()" classname="lv.javaguru.travel.insurance.core.validations.EmptyLastNameValidatorTest" time="0.002"/>
  <testcase name="injectedRepositoryAreNotNull()" classname="lv.javaguru.travel.insurance.core.validations.EmptyLastNameValidatorTest" time="0.001"/>
  <system-out><![CDATA[]]></system-out>
  <system-err><![CDATA[]]></system-err>
</testsuite>
