<?xml version="1.0" encoding="UTF-8"?>
<testsuite name="lv.javaguru.travel.insurance.core.underwriting.calculators.medical.DayCountCalculatorTest" tests="2" skipped="0" failures="0" errors="0" timestamp="2024-04-04T19:32:40" hostname="WIN-6V3MTR2VJA7" time="0.016">
  <properties/>
  <testcase name="calculateTest()" classname="lv.javaguru.travel.insurance.core.underwriting.calculators.medical.DayCountCalculatorTest" time="0.014"/>
  <testcase name="injectedObjectsAreNotNull()" classname="lv.javaguru.travel.insurance.core.underwriting.calculators.medical.DayCountCalculatorTest" time="0.001"/>
  <system-out><![CDATA[]]></system-out>
  <system-err><![CDATA[]]></system-err>
</testsuite>
