<?xml version="1.0" encoding="UTF-8"?>
<testsuite name="lv.javaguru.travel.insurance.rest.TravelCalculatePremiumControllerTestCases.EmptySelectedRisk" tests="1" skipped="0" failures="0" errors="0" timestamp="2024-04-04T19:32:46" hostname="WIN-6V3MTR2VJA7" time="0.029">
  <properties/>
  <testcase name="doTest()" classname="lv.javaguru.travel.insurance.rest.TravelCalculatePremiumControllerTestCases.EmptySelectedRisk" time="0.029"/>
  <system-out><![CDATA[2024-04-04 22:32:46,928 [Test worker] INFO  o.s.b.t.c.SpringBootTestContextBootstrapper - Neither @ContextConfiguration nor @ContextHierarchy found for test class [lv.javaguru.travel.insurance.rest.TravelCalculatePremiumControllerTestCases.EmptySelectedRisk], using SpringBootContextLoader
2024-04-04 22:32:46,928 [Test worker] INFO  o.s.t.c.s.AbstractContextLoader - Could not detect default resource locations for test class [lv.javaguru.travel.insurance.rest.TravelCalculatePremiumControllerTestCases.EmptySelectedRisk]: no resource found for suffixes {-context.xml, Context.groovy}.
2024-04-04 22:32:46,928 [Test worker] INFO  o.s.t.c.s.AnnotationConfigContextLoaderUtils - Could not detect default configuration classes for test class [lv.javaguru.travel.insurance.rest.TravelCalculatePremiumControllerTestCases.EmptySelectedRisk]: EmptySelectedRisk does not declare any static, non-private, non-final, nested classes annotated with @Configuration.
2024-04-04 22:32:46,947 [Test worker] INFO  o.s.b.t.c.SpringBootTestContextBootstrapper - Found @SpringBootConfiguration lv.javaguru.travel.insurance.InsuranceApplication for test class lv.javaguru.travel.insurance.rest.TravelCalculatePremiumControllerTestCases.EmptySelectedRisk
2024-04-04 22:32:46,947 [Test worker] INFO  o.s.b.t.c.SpringBootTestContextBootstrapper - Loaded default TestExecutionListener class names from location [META-INF/spring.factories]: [org.springframework.boot.test.autoconfigure.restdocs.RestDocsTestExecutionListener, org.springframework.boot.test.autoconfigure.web.client.MockRestServiceServerResetTestExecutionListener, org.springframework.boot.test.autoconfigure.web.servlet.MockMvcPrintOnlyOnFailureTestExecutionListener, org.springframework.boot.test.autoconfigure.web.servlet.WebDriverTestExecutionListener, org.springframework.boot.test.autoconfigure.webservices.client.MockWebServiceServerTestExecutionListener, org.springframework.boot.test.mock.mockito.MockitoTestExecutionListener, org.springframework.boot.test.mock.mockito.ResetMocksTestExecutionListener, org.springframework.test.context.web.ServletTestExecutionListener, org.springframework.test.context.support.DirtiesContextBeforeModesTestExecutionListener, org.springframework.test.context.event.ApplicationEventsTestExecutionListener, org.springframework.test.context.support.DependencyInjectionTestExecutionListener, org.springframework.test.context.support.DirtiesContextTestExecutionListener, org.springframework.test.context.transaction.TransactionalTestExecutionListener, org.springframework.test.context.jdbc.SqlScriptsTestExecutionListener, org.springframework.test.context.event.EventPublishingTestExecutionListener]
2024-04-04 22:32:46,947 [Test worker] INFO  o.s.b.t.c.SpringBootTestContextBootstrapper - Using TestExecutionListeners: [org.springframework.test.context.web.ServletTestExecutionListener@1a35343e, org.springframework.test.context.support.DirtiesContextBeforeModesTestExecutionListener@7f994055, org.springframework.test.context.event.ApplicationEventsTestExecutionListener@31a1b37b, org.springframework.boot.test.mock.mockito.MockitoTestExecutionListener@640c2749, org.springframework.boot.test.autoconfigure.SpringBootDependencyInjectionTestExecutionListener@57ab7b32, org.springframework.test.context.support.DirtiesContextTestExecutionListener@6285027a, org.springframework.test.context.transaction.TransactionalTestExecutionListener@5e834f3a, org.springframework.test.context.jdbc.SqlScriptsTestExecutionListener@5bb00dcc, org.springframework.test.context.event.EventPublishingTestExecutionListener@57ce8f63, org.springframework.boot.test.autoconfigure.restdocs.RestDocsTestExecutionListener@1d92d132, org.springframework.boot.test.autoconfigure.web.client.MockRestServiceServerResetTestExecutionListener@59acb725, org.springframework.boot.test.autoconfigure.web.servlet.MockMvcPrintOnlyOnFailureTestExecutionListener@2291fb1, org.springframework.boot.test.autoconfigure.web.servlet.WebDriverTestExecutionListener@213f2d00, org.springframework.boot.test.autoconfigure.webservices.client.MockWebServiceServerTestExecutionListener@2aaf7354, org.springframework.boot.test.mock.mockito.ResetMocksTestExecutionListener@1606ecbb]
2024-04-04 22:32:46,980 [Test worker] INFO  l.j.t.i.r.l.TravelCalculatePremiumRequestLogger - REQUEST: {"agreementDateFrom":"2024-05-25","agreementDateTo":"2024-05-29","country":"SPAIN","personFirstName":"Vasja","personLastName":"","personBirthDate":"1999-05-29","medicalRiskLimitLevel":"LEVEL_10000","selected_risks":[]}
2024-04-04 22:32:46,980 [Test worker] INFO  l.j.t.i.r.l.TravelCalculatePremiumResponseLogger - RESPONSE: {"errors":[{"errorCode":"ERROR_CODE_6","description":"Field personLastName is empty!"},{"errorCode":"ERROR_CODE_7","description":"Field selectedRisk is empty!"}],"personFirstName":null,"personLastName":null,"agreementDateFrom":null,"agreementDateTo":null,"agreementPremium":null,"country":null,"risks":null,"personBirthDate":null,"medicalRiskLimitLevel":null}
2024-04-04 22:32:46,980 [Test worker] INFO  l.j.t.i.r.l.TravelCalculatePremiumRequestExecutionTimeLogger - Request processing time (ms): 8
]]></system-out>
  <system-err><![CDATA[]]></system-err>
</testsuite>
