<?xml version="1.0" encoding="UTF-8"?>
<testsuite name="lv.javaguru.travel.insurance.core.validations.EmptyLimitLevelValidatorTest" tests="5" skipped="0" failures="0" errors="0" timestamp="2024-04-04T19:32:40" hostname="WIN-6V3MTR2VJA7" time="0.011">
  <properties/>
  <testcase name="validateNoMedicalRiskTest()" classname="lv.javaguru.travel.insurance.core.validations.EmptyLimitLevelValidatorTest" time="0.002"/>
  <testcase name="validateErrorTest()" classname="lv.javaguru.travel.insurance.core.validations.EmptyLimitLevelValidatorTest" time="0.003"/>
  <testcase name="validateLimitLevelIsNotAvailableTest()" classname="lv.javaguru.travel.insurance.core.validations.EmptyLimitLevelValidatorTest" time="0.002"/>
  <testcase name="validateNoErrorsTest()" classname="lv.javaguru.travel.insurance.core.validations.EmptyLimitLevelValidatorTest" time="0.002"/>
  <testcase name="injectedRepositoryAreNotNull()" classname="lv.javaguru.travel.insurance.core.validations.EmptyLimitLevelValidatorTest" time="0.001"/>
  <system-out><![CDATA[]]></system-out>
  <system-err><![CDATA[]]></system-err>
</testsuite>
